<?xml version="1.0" encoding="UTF-8"?>
<!-- Generated by org.testng.reporters.JUnitXMLReporter -->
<testsuite ignored="0" hostname="MacBook-Pro-Orlova.local" failures="0" tests="3" name="Command line test" time="4.326" errors="0" timestamp="2023-02-02T01:28:28 MSK">
  <testcase classname="SteamTest" name="inputStringsClickButton" time="2.492"/>
  <testcase classname="SteamTest" name="openUrl" time="0.053"/>
  <testcase classname="SteamTest" name="useLoginButton" time="1.722"/>
</testsuite> <!-- Command line test -->
